<?xml version="1.0" encoding="utf-8"?><testsuites name="pytest tests"><testsuite name="pytest" errors="0" failures="0" skipped="0" tests="2" time="0.833" timestamp="2026-02-10T15:11:01.778890+00:00" hostname="agent-env-10ede828-a13a-40fe-9356-0d8761ee9c63"><testcase classname="tests.test_gurukrupa_apis.TestDineInOrders" name="test_create_dine_in_order" time="0.450" /><testcase classname="tests.test_gurukrupa_apis.TestDineInOrders" name="test_dine_in_order_appears_in_history" time="0.303" /></testsuite></testsuites>