<?xml version="1.0" encoding="utf-8"?><testsuites name="pytest tests"><testsuite name="pytest" errors="0" failures="0" skipped="0" tests="12" time="2.512" timestamp="2026-02-10T14:56:17.111326+00:00" hostname="agent-env-10ede828-a13a-40fe-9356-0d8761ee9c63"><testcase classname="tests.test_gurukrupa_apis.TestSeedData" name="test_seed_endpoint" time="0.121" /><testcase classname="tests.test_gurukrupa_apis.TestAuthentication" name="test_customer_login" time="0.316" /><testcase classname="tests.test_gurukrupa_apis.TestAuthentication" name="test_admin_login" time="0.295" /><testcase classname="tests.test_gurukrupa_apis.TestAuthentication" name="test_invalid_login" time="0.036" /><testcase classname="tests.test_gurukrupa_apis.TestMenu" name="test_get_menu" time="0.035" /><testcase classname="tests.test_gurukrupa_apis.TestMenu" name="test_get_weekly_menu" time="0.038" /><testcase classname="tests.test_gurukrupa_apis.TestPlans" name="test_get_plans" time="0.032" /><testcase classname="tests.test_gurukrupa_apis.TestOrders" name="test_create_order" time="0.336" /><testcase classname="tests.test_gurukrupa_apis.TestOrders" name="test_get_user_orders" time="0.296" /><testcase classname="tests.test_gurukrupa_apis.TestPayment" name="test_mock_payment" time="0.299" /><testcase classname="tests.test_gurukrupa_apis.TestAdminEndpoints" name="test_admin_dashboard" time="0.300" /><testcase classname="tests.test_gurukrupa_apis.TestAdminEndpoints" name="test_customer_cannot_access_admin_dashboard" time="0.335" /></testsuite></testsuites>